
> react-typescript-starter@0.1.0 test
> react-scripts test --coverage

Browserslist: caniuse-lite is outdated. Please run:
  npx browserslist@latest --update-db
  Why you should do it regularly: https://github.com/browserslist/browserslist#browsers-data-updating
Browserslist: caniuse-lite is outdated. Please run:
  npx browserslist@latest --update-db
  Why you should do it regularly: https://github.com/browserslist/browserslist#browsers-data-updating
Browserslist: caniuse-lite is outdated. Please run:
  npx browserslist@latest --update-db
  Why you should do it regularly: https://github.com/browserslist/browserslist#browsers-data-updating
PASS src/objects.test.ts
PASS src/arrays.test.ts
PASS src/nested.test.ts
PASS src/components/StartAttempt.test.tsx
PASS src/form-components/MultipleChoiceQuestion.test.tsx
PASS src/components/TwoDice.test.tsx
PASS src/functions.test.ts
PASS src/bad-components/ChooseTeam.test.tsx
PASS src/bad-components/DoubleHalf.test.tsx
PASS src/components/ChangeType.test.tsx
PASS src/form-components/CheckAnswer.test.tsx
PASS src/form-components/EditMode.test.tsx
PASS src/components/CycleHoliday.test.tsx
PASS src/form-components/GiveAttempts.test.tsx
PASS src/form-components/ChangeColor.test.tsx
PASS src/components/RevealAnswer.test.tsx
PASS src/components/Counter.test.tsx
PASS src/bad-components/ColoredBox.test.tsx
PASS src/bad-components/ShoveBox.test.tsx
PASS src/App.test.tsx
-----------------------------|---------|----------|---------|---------|-------------------
File                         | % Stmts | % Branch | % Funcs | % Lines | Uncovered Line #s 
-----------------------------|---------|----------|---------|---------|-------------------
All files                    |   97.13 |    88.81 |     100 |   97.04 |                   
 src                         |   95.28 |    87.35 |     100 |   95.05 |                   
  App.tsx                    |     100 |      100 |     100 |     100 |                   
  arrays.ts                  |     100 |      100 |     100 |     100 |                   
  functions.ts               |    87.5 |    85.18 |     100 |    87.5 | 25,28,34          
  nested.ts                  |   94.93 |     82.6 |     100 |   94.44 | 186,209,239,266   
  objects.ts                 |   94.11 |    78.57 |     100 |   94.11 | 48,57             
 src/bad-components          |     100 |       50 |     100 |     100 |                   
  ChooseTeam.tsx             |     100 |       50 |     100 |     100 | 18                
  ColoredBox.tsx             |     100 |      100 |     100 |     100 |                   
  DoubleHalf.tsx             |     100 |      100 |     100 |     100 |                   
  ShoveBox.tsx               |     100 |      100 |     100 |     100 |                   
 src/components              |     100 |       90 |     100 |     100 |                   
  ChangeType.tsx             |     100 |      100 |     100 |     100 |                   
  Counter.tsx                |     100 |      100 |     100 |     100 |                   
  CycleHoliday.tsx           |     100 |       90 |     100 |     100 | 17,33             
  RevealAnswer.tsx           |     100 |      100 |     100 |     100 |                   
  StartAttempt.tsx           |     100 |    66.66 |     100 |     100 | 9-14              
  TwoDice.tsx                |     100 |      100 |     100 |     100 |                   
 src/form-components         |     100 |      100 |     100 |     100 |                   
  ChangeColor.tsx            |     100 |      100 |     100 |     100 |                   
  CheckAnswer.tsx            |     100 |      100 |     100 |     100 |                   
  EditMode.tsx               |     100 |      100 |     100 |     100 |                   
  GiveAttempts.tsx           |     100 |      100 |     100 |     100 |                   
  MultipleChoiceQuestion.tsx |     100 |      100 |     100 |     100 |                   
 src/interfaces              |       0 |        0 |       0 |       0 |                   
  answer.ts                  |       0 |        0 |       0 |       0 |                   
  question.ts                |       0 |        0 |       0 |       0 |                   
-----------------------------|---------|----------|---------|---------|-------------------

Test Suites: 20 passed, 20 total
Tests:       134 passed, 134 total
Snapshots:   0 total
Time:        7.366 s
Ran all test suites.
