
> react-typescript-starter@0.1.0 test
> react-scripts test --coverage

Browserslist: caniuse-lite is outdated. Please run:
  npx browserslist@latest --update-db
  Why you should do it regularly: https://github.com/browserslist/browserslist#browsers-data-updating
Browserslist: caniuse-lite is outdated. Please run:
  npx browserslist@latest --update-db
  Why you should do it regularly: https://github.com/browserslist/browserslist#browsers-data-updating
Browserslist: caniuse-lite is outdated. Please run:
  npx browserslist@latest --update-db
  Why you should do it regularly: https://github.com/browserslist/browserslist#browsers-data-updating
PASS src/arrays.test.ts
PASS src/objects.test.ts
PASS src/nested.test.ts
PASS src/functions.test.ts
PASS src/text.test.tsx
PASS src/HtmlCss.test.tsx
PASS src/App.test.tsx
----------------|---------|----------|---------|---------|-------------------
File            | % Stmts | % Branch | % Funcs | % Lines | Uncovered Line #s 
----------------|---------|----------|---------|---------|-------------------
All files       |   95.31 |    87.35 |     100 |   95.08 |                   
 src            |   95.31 |    87.35 |     100 |   95.08 |                   
  App.tsx       |     100 |      100 |     100 |     100 |                   
  arrays.ts     |     100 |      100 |     100 |     100 |                   
  functions.ts  |    87.5 |    85.18 |     100 |    87.5 | 25,28,34          
  nested.ts     |   94.93 |     82.6 |     100 |   94.44 | 186,209,239,266   
  objects.ts    |   94.11 |    78.57 |     100 |   94.11 | 48,57             
 src/interfaces |       0 |        0 |       0 |       0 |                   
  answer.ts     |       0 |        0 |       0 |       0 |                   
  question.ts   |       0 |        0 |       0 |       0 |                   
----------------|---------|----------|---------|---------|-------------------

Test Suites: 7 passed, 7 total
Tests:       49 passed, 49 total
Snapshots:   0 total
Time:        3.971 s
Ran all test suites.
